148075259
208257303
136540050
34482975
214006486
214007871
14885441
192960848
208264969
159786708
184094104
214007574
17923768
254090497
173425092
214007752
249728381
253088712
167374531
58740581
181694703
182739383
212054418
219456867
134332490
143612839
180937092
156647323
217548869
155355799
110169464
199641287
133092343
49651898
8078866
25982780
19698324
105674695
48306752
180007171
214007611
133792426
179372092
115783623
152618982
56819130
948733
214007484
141289973
247582177
201215320
174283613
253134659
214006604
75378541
125500575
173540325
214007855
140148377
137417093
214008560
208413582
139458662
253089549
262605519
251442439
257773458
254080775
217195909
260237117
217779934
217725878
217725557
217725667
220683617
217720599
220683641
217725973
217779884
217779708
217779473
217725797
217725737
217779784
217725584
220683621
217779446
217725807
217779579
257773468
220683346
216138913
249488825
205829155
217779999
220683674
217719323
247238464
217725650
262605541
254085278
262605583
220683725
216136772
245776394
216139090
216136269
207957025
216139127
257773455
262605567
257773472
257773480
263098077
252178760
257773462
247261009
257773463
260222479
217779612
220683372
220683338
220683295
217725791
220683724
220683336
220683447
217780043
217726006
220683726
217779536
220683384
217725921
217779961
217725687
217779857
220683515
214767332
216135997
217779674
216136024
217726047
191443675
191298261
217779819
217779919
37941059
190319414
135734058
94345608
73717757
94292461
117836531
95063937
30040268
192874086
186531106
216369153
83193652
75977831
52489468
179533066
41767514
15608790
140938581
166502555
133071023
191909760
133914454
194584069
162476105
139458015
206135124
217728454
103046622
84270823
133070682
115778724
190702434
249551415
88785428
177325569
117787527
29933092
82482859
166461517
181447701
160634020
117835512
143888203
126507734
155113675
192879831
136335048
37941186
186271892
56651153
127220433
209396789
192802760
167857349
189464335
85366318
108391393
903310
75636643
151420912
117477875
160670660
114783526
216333061
142827339
191960056
75637945
204931560
136884167
177734907
163581489
125539978
252325686
73721488
107309360
59146368
133072526
23379518
136942183
167599229
205507126
82874229
149221765
108965659
249796579
133914270
162116403
225268872
164435825
107312633
117477472
48135881
157244969
143612132
127120964
101000052
107310566
215377697
117787562
197746256
107311406
142316796
142833549
36320440
819380
819292
133070275
117478852
104396662
216337354
249596840
179409102
208189219
107360588
194088582
185439918
142317177
134439281
117786830
142316954
141290741
182558521
141290424
80611914
87532748
186090700
193859308
107315386
117963485
141258418
107365953
139460048
163582784
166123622
171520260
134225120
217386420
115778786
106063191
73730266
154155403
167756150
60408969
186611370
44296935
204927520
43006663
36560575
133072384
188560642
146380445
127220538
152100396
133071684
188560707
117788268
174856961
113400355
249051248
145620609
133776062
217728933
152629292
120170824
171118166
164428907
117477771
142815399
76089030
89206694
181995308
149193552
133072995
187019235
89206790
110060104
163876283
142311965
158709058
207017960
80611823
107993238
92765668
48897302
205225930
109421340
197746585
89207076
113400781
162476583
107306636
108965192
49104950
169127146
80975011
205893751
136632148
199021499
162024581
174219741
136367170
82485326
82484830
137719535
212036635
203086771
85099520
192433670
819184
82482842
117787836
161498343
127220834
180322610
106204877
134440708
136367162
169312755
190635675
903382
142317004
74198046
160759193
126509056
230215701
249573806
108956278
198412006
126508165
136367598
108566393
84685058
133072782
30883500
250364403
198426636
115009118
141291191
4444657
114970911
107492777
117784704
252291210
139924961
68107140
15307741
136656465
178282817
180015462
122869512
128784356
138106799
140331563
207976952
133812076
117687071
155681332
17898151
175582523
137822497
166005851
182997417
129374873
37961302
167038582
253665739
55387649
148077141
215705393
147117497
143678949
35487570
137417153
16964175
120859830
73314358
199007868
174817928
110947248
119347989
32392383
193521760
142384734
25081283
152448371
217315485
148077153
23448647

118989202
212318744
118680721
83933313
114587430
168790882
117687350
147918693
163543866
134332554
50416355
150873374
137543740
176896863
47111323
144199921
16919743
113619618
171666815
74900409
102807553
37961423
14294285
178268285
164209334108967811
103758710
72895955
181423384
129421979
216378848
199111733
46304689
58548080
136382097
137996327
163543799
164971357
214767819
181153592
212557060
151611581
156646485
151611753
52079487
133812557
57379970
22136192
37961000
117603751
178057059
118587964
133792674
123862087
104129568
133792532
36448288
26499571
137181346
134332558
249029882
144339998
242770850
156299692
72059709
65823914
113952264
7987841
89764520
184589157
138820932
106796033
152464936
57783087
143679135
215362533
240366368
121337150
144757898
116756252
142670664
35004586

43860410
136343470
35215689
253090505
136996217
108263069
198184184
199836644
137890265
133812230
118989260
157568410
140992784
55029114
143678748
209603070
144339540
201003219
199972276
133811893
182545298
142834770
37399050
136343427
61394041
55479343
139053607118989335
182546062
173301688
199110388
158709057
53619419
22777685
164818062
142316671
44664911
172269135
242209195
2621955
158708649
55360823

242525083
127119997
134526873
144455299
145717324
164804813
2622107
248947134
165689852
166502550
77663954
143385842
175179589
215999820
2623601
214588444
143399945
181361148
140099669
188725311
159299253
74769756
174817930
172071654
143171758
143400175
108996967
66107132
197897083
168856182
55953629
242525058
235535786
143227021
166559606
25062273
5084781
59351467
40932701
234034213
182545449
167382484
161257360
164791501
139458099
142317009
19647220
167419273
161257341
135417511
176524724
212219458
173425062
134480390
167021119
69322144
136157059
143385846
173393924
139222915
181994157
173393965
44735965
140938633
143228160
136717749
136154663
88992933
168791089
136664325
39853520
242526674
151585811
169936457
166391908
153898176
224170318
197154164
173904665
176166990
250747493
259317028
179237637
52780672
112082703
164353068
177908926
2582185
143399958
242526654
84860672
138769526
131392665
117551026
209977131
72127222
214067716
260813834
176791296
138952514
54630307
25986647
429531
74792468
174301378
2622179
147105141
143400211
143399797
56806892
234034324
158012097
143171736
166461561
136465381
152567926
177947353
171673634
217521906
203998121
144887513
61989077
139461240
7351399

136157005
253149282
214067715
172274803
149447874
212240533
69699909
2152771
106869836
173425111
142316710
161257580
174051453
41300533
143863065
248421632
400349
136343626
173423792
23802884
198295286
9992700
77663978

167658912
67274218
229803688
12137335
90682703
90684004
12080528
166500876
197007873
143171766
19830486
131392556
96995985
151818578
200794321
164811103
137719101
48984605
154155420
161633037
144342633
174023685
167659098
136155773
164799851
154155199
171702768
143399737
136156899
242526346
193789574
153898943
163029675
207017846
153989954
209959263
234029070
242430382
171861070
74769752

251475312
122909750
19830504
216213789
181183570
200794285
166461740
169219564
143291666
2582179
158210186
234032618
168461811
166461488
158011720
148716707
131392535
174336962
140938676
143667862
2622009
177947326
77663948
143399995
209986266
193789415
242430399
2086743
136154865
169935846
193789193
25062271
247249042
58736928
213765498
171612917
142081169
159765978
181183584
225915521
26313186
89612008
111607445
155785236
164601644
155785313
128325871
147918718
83933927
135370645
111607581
116756354
168662866
76904826
49652919
141996508
154313604
117318219
143921400
150179701
217708760
247792898
213572666
147918813
177212432
121099522
67909734
56844235
26216465
83933442
143863047
182545668
76793312
253889559
144199391
107325936
108971538
115530023
163543817
209300237
128326782
254181581
93413873
168663194
158095275
142555163
25687369
142391538
166502545
119324094
254022600
149688054
152046976
210284158
94728428
182545247
134332461
214856661
207896687
188568628
261975792
206307551
247017168
115096266
198933180
203261704
247017174
94305942
164353072
136462871
109193603
186435891
68124200
158013929
48102626
125603998
143679095
249484881
25617454
171515961
200631063
1084416
67205247
141343652
86213670
1360083
125394041
262757766
48602481
96421634
6088311
182820457
154250078
137995352
182997276
86143382
19596736
155924853
150173403
109853530
849958

177221834
182545828
119479459
1360077
247253372173955667
182997394
121554665
138381881
172916174
160074354
250071242
99202433
147918712
119479477
113400495
131817130
257915766
152101075
50702968
192560391
161246127
42189154
182997386
139473507
108769398
6088309

175573298
171666709
170337521
111857890
136461619
170337580
155785256
119623067
68500720
163543671
94306018
118200354
121625859
152046990
48900070
155681147
96416225
156298976
106869988
32226453
247775139
242101256
49306240
103264994
73278241
108256414
187622692
192246071
192246078
192246039
213527811
213527806
243002923
136463029
173889117
147918766
85553925
131816516
179064498
182545282
150173631
136462931
150003488
191826735
173955598
143863331
206862149
116598590
150174280
56063553
6300507
8001029
168662790
173889059
139491563
175143218
247017018
134300984
3525979
247017041
157567968
247017181
136462905
136463041
183312459
207641034
207641030
113400862
208431528
213672407
31525840
207640937
107482041
114203363
168663276
115096261
150178791
182997275
148698435
27651303

16173778
150174240
121625877
134332497
76481495
208207193
164541147
72715508
2089193
1457769
43673331
103259216
94306015
111509593
20996082
50097058
99200635
9992395
113952087
149195519
207243702
206483517
143862516
143678274
136728504
251254622
139461671
202346811
250058881
214050504
173732427
145221845
158709744
129212267
197665163
207565242
177737178
206717292
204043823
215101490
143613660
206483450
215101721
262822076
185149670
181264533
149968392
187606322
156646791
193762867
164543315
156646149
146493524
259520457
205378300
163543888
225267311
199169468
179376555
207908948
149968121
166005678
206483468
247811700
142032221
151818921
214936945
208401270
139229836
204640406
259771038
252015151
255076109
204926961
203201395
252892521
137118583
247854186
148698950
137181921
259770860
214754798
145411951
170736920
145412473
206483514
247906612
249531514
206483564
145411597
149194507
221226531
145411983
250341513
204624352
158708449
208527096
144467934
136728122
153981241
217480796
169553250
151548603
247906798
185808991
181223390
145671508
206111736
149968658
217778507
252876280
143678399
191298273
207017596
196051053
202492569
176081029
196050162
202492229
202495665
171670414
170282989
188299128
214199869
182109031
174173079
182545993
140580533
171670560
142555143
164808343
208207093
176463437
145412392
207564430
214936905
149448460
173034838
202419154
144379084
183361846
201014062
171666708
153545611
149968430
207903354
157568447
139460017
139458518
192737499
177911837
39230194
139458912
167552425
139459416
183040278
202957497
186862478
143614084
149446601
188560746
158708473
145411700
183312205
195339299
140094907
117774449
249253323
213490999
252077803
206483876
158709492
213573511
206218163
145411749
117763753
213572147
186435869
185711234
207564597
137996373
249684602
247402975
213573486
213573496
213572858
252054504
207565244
213572561
201071358
206861808
213573305
172385836
139462189
240649659
198193471
214813028
241791976
214655296
145412155
205504869
214936853
249684628
249684571
210952974
249288825
249288823
199629840
115222729
216184220
213572457
205515120
145412001
206231587
214823071
117773869
197849859
225917102
150174365
158892876
207017843
187279329
189867798
143855034
207564908
145411405
149968950
200671437
149968212
143612581
180940065
197861819
153877097
202460339
171663297
144171547
152644702
88001202
118235620
133005585
159270982
149658415
162752251
75327636
180993079
217154922
263060867
249962357
142834540
165747220
113623726
159270645
190455566
121488502
172126285
144039878
253107155
147105689
35300715
41823036
143077730
186288520
35350436
147105437
112947409
158208701
215593225
192258520
107100091
16518795

34158856
152357955
202341899
180993074
141322617
192643006
196515608
16858895
145620645
180016232
58698174
52028621
251453619
151818506
122072341
217187027
77037842
20809165
21559110
16775843
255588191
144470465
188316732
217476079
81513552
212236813
36306930
144470413
113799227
151818905
119023191
160392999
206640912
144296969
145376819
16553119
142031043
52657325
159270752
58737346
203862335
21259194
153506736
185807774
255589219
113400615
151818478
127881364
208600572
164793814
147105478
143105841
166391962
140331413
74401717
193890265
83932494
136728371
55356353
182558274
123532410
142031670
135421294
144480952
262754809
180963563
247383699
200998257
217150240
217475283
217183772
192011762
253620414
259770998
111553286
14397844
191828819
88049307
49306437
184673182
159270819
160881504
199847037
148076105
144470415
120833618
115224826
115224584
208600837
28053882
144478887
184787109
217720590
149194445
108464502
53991294
217183500
217475981
138737170
149055727
217155819
246731266
15265706
144277002
198559052
34139035
126148010
205528571
215592984
85377195
146381507
216139122
3832627
144643726
95315740
23482278
112971225
143679067
206295790
196050746
54014704
156299323
209332778
147105660
139457839
139461436
166500883
193977590
151658759
151898005
158212716
142834689
133005953
133005287
175193876
193640737
12237674
176925360
137996391
169490885
133091974
146380233
182997359
144756568
145411910
166502518
161944759
162825054
3009057
137002716
55178316
222683511
103264978
249216912
54084852
54014706
54084845
54084854
137995375
146380202
170836967
126929347
133091711
143863269
156299793
140843758
139456894
172070062
156299717
146369490
133005723
143864043
139460558
143863912
164982096
169936205
149194455
140843722
148700402
146380864
143862825
161218117
148699483
139456881
158210444
198412001
216401688
199902261
149193288
158709475
198411951
198411996
142834682
52241384
162387431
242496326
247341475
30885563
200616571
199974176
204644988
32637323
178010708
260921808
212351185
206501249
121231067
63577954
57759338
67807645
100301466
121231075
244304217
130461582
194133588
143106191
52214261
206643623
181972710
201807912
201803991
172482945
163572792
206131239
161368216
249226789
67807598
199176135
204640676
182296134
217696347
57449230
169453020
67808202
121231162
86013055
195724357
169452100
32592866
172482362
46260972
150890000
130468256
239142033
205539187
195861440
206908701
121230980
208206879
25982160
57449586
166430234
242214156
242289686
253722362
206491437
57164145
137181924
143034751
198542018
217094947
165712531
128823115
38839077

76206938
46261110
213011614
215748604
206498317
169417285
206131103
169453008
172483155
170386590
249005661
170639608
215485875
171661391
25982278
171668125
244317952
198542249
202896999
121229967
121230936
202526578
121229766
189867776
217480123
87570798
217479305
213676888
29033567

198569552
53185705
87451353
205539057
32592987
202412303
57471176
44744886
48518834
52582324
242658002
193746990
121231529
170422511
121230778
205726642
193619092
121231364
247266677
205058648
205540628
48546739

195854423
217890337
130457965
134333348
142368293
148077568
48135743
143119060
129599162
147962081
131590262
51284550
130776903
205539801
48122893
65118474
29643927
38838596
57470021
132339718
46261905
144198027
36760019
205539357
132340002
199568764
217720165
181219344
128657510
121230344
163882532
121230913
121230790
121230940
163878369
121230363
144358593
121229848
202521595
158774693
121231254
163578600
204374101
121230910
121230898
202642848
205246573
242206970
207507186
121231476
205726643
163567453
203184141
193615359
94674232
171658642
215485877
206131583
31519871
215485883
206490247
121230789
170611397
198542205
121231515
54781635
121231032
121231102
144358709
121230872
242203766
262079790
121230716
170385974
263034195
121230346
38839115
121230968
163875866
184226446
107454959
181183575
144400395
197600782
35177099
244172091
143114364
75331180
214774801
215893779
130773652
134332814
187838198
103343494
134326075
151432352
253331582
187821894
205541195
187810153
148863310
214842633
207885423
136941037
247199110
47277087
219133979
136041843
242726220
202710800
46676786
125752517
164542568
144455415
114250465
155050154
102468218
72746675
158709745
213491367
113047758
158210503
188831714
148075737
56015020
143951842
43759226
186435805
190469587
122869045
43366020
144758252
36711404
249621158
153368499
76447507
168675161
88771594
755394
125749810
253306764
194128584
161633660
160875611
34741435
202849203
45606701
142619648
257552520
173785313
242724842
48116225
47268466
171667566
97489976
166500881
162089177
124273336
153407051
249005935
71025285
242726233
127671448
248557424
192919578
149193458
139247538
90533429

146381379
202858370
71520840
253306784
249004822
168660120
45879096
188528655
164542853
146492675
153407085
155314485
88796406
249005464
173394043
149195399
755476
188831972
72868245
144759193
128328192
33337232
20889762
146491746
249885292
72927150
83934478
117556889
193686881
192948562
149193033
140148311
182558425
81758290
127879757
197515644
153406982
139247733
179735660
755382
41188528
761033
173393397
139460201
139460476
7629953
160404504
196186567
201648342
155565871
247272038
200720375
42620014
213527229
242726323
5945623
212314922
158382830
44136755
156175172
212319157
208608946
142386140
158708627
149194030
197507019
158709656
146380123
214939002
75591322
20889383
120475834
191985581
253663612
194127725
177703906
181217981
212927857
29963030
34738536
249005591
55646681
144481727
197541624
149194638
164542072
144341434
146380513
136043265
197506604
127220656
144758494
115225047
181976992
182558179
157198662
197506422
148074785
125083778
202712921
26619126
37153582
212314941
183041667
202641520
34737380
78945506
122872273
170437595
91773892
33459052
34738631
182545781
173845394
147918562
118989122
155314346
192971442
155314474
187838541
173785291
163913484
204765581
82921390
148076088
127120674
153368504
43352895
139460441
755385
139461682
155139086
72520683
99885783
163871986
72299367
185864253
128700639
151585684
248398840
28727719
249004931
159894838
19774801
58798617
144197745
188485275
34737273
171668474
7621700
247823342
214593477
174248346
192975604
209265587
230057767
157421236
134091507
187824961
193769231
149194286
203863950
115224119
149194305
122871466
51028836
183041000
173393754
173394065
160830405
136045404
109602095
153406988
206295919
185001768
146381076
164541822
127880054
197514379
39361663
122189928
133936149
138824275
202417323
189475744
145603713
146034170
196597642
221253308
99869529
129416501
167893723
153769747
161538069
89239652
129637742
128789647
83742086
144095396
110793483
37269398
128788463
26348851
128784824
19696631
92804779
135374087
145619823
76055819
158708822
169641752
171397202
126517746
172937265
136996631
136988896
140241959
115832472
170837952
162770187
214501238
16666803
100848821
116470705
110791008
138904554
138001505
13756205
106912918
74689359
74774860

121268666
143787252
169329166
193685809
119022922
183531549
157491255
181147787
10083191
162596017
76134305
164777894
114918115
202034596
128786177
129714627
117685194
25111743
52716385
52716539
119386651
208412261
172305553
56646743
220766927
153274268
59133612
115223160
122801549
129637371
127785291
136006496
126515019
161930366
10083201
172373253
156725487
165938849
7101999
140991913
166944704
124040231
138001515
55522528
172353315
136996810
138603775
161031804
190502101
128783246
25886655

157491167
125931309
123226538
118997841
76103996
213927824
176508999
158709092
136049678
123353365
64265684
21947756
46177374
41794632
126514942
164785610
209377015
165601330
133929165
262914515
35458945
173078269
207395235
183531417
117570398
28624421
137852288
146515071
132017024
157044621
107681883
244982054
123532003
49989421
164823110
111230566
13288096
96128141
129813533
126528061
7322591
215102135
254901036
261880114
263057505
177003470
249221107
252628461
263190638
263168048
214603617
252721654
262861697
263107721
198223740
260644135
252694473
147388769
263627579
176629190
113963504
263646032
146966428
263107645
263646120
208680954
251023615
184062615
206714451
197499967
138479413
214916297
205287607
169083279
198453030
169356801
217646022
247403486
207395214
202560083
208680110
181994100
205080890
257771196
252625616
261816408
250052296
261134556
251323534
179581773
179581892
169655955
158709340
262017641
197409384
169413301
259486183
262486516
144173873
206304864
263168237
262720736
261851920
261863126
261852446
254904089
251014293
92567518
252629118
249868021
254898761
207017044
207395247
199630951
161254474
164812924
217323734
170332725
158709124
98590026
134241874
98589103
184134368
133091469
96578534
181217239
194105549
162590755
197828127
197828155
197828191
66568607
55002000
164071552
184240228
163523221
98598205
98599230
179757989
163523158
176474274
179757966
163523131
151610469
176473857
162590748
164071599
151610972
163523166
151610938
163523186
177727057
163523263
151611215
151611223
155486191
184134357
67254108
163523045
151610986
179547685
253619823
119623207
182485633
179757953
119623255
159034469
176473884
147979522
147360053
184237329
156639592
116255408
143703803
151611213
184134330
155291620
127879210
179757945
163523255
176474315
155287991
155286062
163523178
133005627
163522639
151611221
179919928
176473888
181754720
163523049
184134271
158348884
4757407
147360522
154155473
145717353
140148254
155314316
133431621
199045468
176476756
253075204
194443574
158709445
137995358
143863125
141955732
134355420
252633249
212609963
142835854
194860142
7977384
146380224
196373747
148698587
208423167
193977457
212320307
248602817
141960657
242645918
127120226
137995773
755487
143097853
144912335
201429078
183556759
59452306

199140162
193977406
2620893
158709437
141741179
146492363
49635293

195700299
143613429
213954003
143678869
194865819
144476780
144479713
14071586
145535737
150003541
132026389
158708787
193762787
207017714
190469868
242420967
201045808
192942822
172153882
146493081
173009512
179795474
143091578
191717242
214916870
204916224
181423280
139564619
204915911
168495987
204768671
210143202
33530945
200947861
110798164
169054969
110798160
207341635
145766251
161257936
165668085
195125877
204848393
204768638
158210273
73781816
127120015
145767380
138156693
145767403
204768560
210143233
68918071
48893935
35366690
2620637

140331634
204768540
204768490
204848117
145767608
252327915
138385419
151454959
142316612
195851535
151611905
145765801
109567704
28447255
200841174
164792851
204915654
108996807
215101753
214614296
8509791
121259590
138156552
152919754
200841183
208916467
204769144
2605263
194420209
106869750
138156848
189474092
143171708
207252683
208436608
153981377
145767020
2595313
127220725
204916755
158390135
204915983
145766359
57792897
148077084
242106456
156300039
156299957
247906419
37033422
142316662
113920164
200561801
145766557
163577997
108996758
186815062
207200945
161257981
127220892
134624244
145490006
221870838
171469688
161257958
136616431
143819614
179372101
83491565
97073398
108914341
77153818
199022177
213846454
3664377

208772602
216378870
143613758
204916221
204915675
204847992
145767728
141906574
138156868
210142949
109568248
204916728
145619893
194082747
138156762
204768820
162594922
148048393
140148356
145767714
206873675
145766559
141906505
204848013
156646755
140331767
140148454
143171743
209603094
52418307

19416864
100947408
262386479
28908040
48119879
171669943
173429049
20587802
108914347
108914315
177535160
177623492
156299361
156299406
144340121
137954520
204847994
157568806
184496070
139989656
139459489
136728598
136405618
118089793
108996988
154529897
140148468
207252477
204768808
204768670
207050717
204768881
146381416
204916457
134332690
134332668
127220963
136717775
89653860
182558291
150003482
250000981
145766076
202783847
158389721
182558659
145767009
217474452
168663154
210143283
207565745
139053216
133812069
207042468
193890281
204768903
145766536
204942562
207252443
161257610
145767560
204768809
109949385
164806492
127220536
204768527
207041179
127220964
145766911
139462138
145766529
183685353
145767772
136728031
145767692
143386060
205989720
185864410
251249638
128328051
145630672
204768896
204768836
209381784
97339591
173425013
247813855
242652604
208077481
197537593
40750363
263401524
263389346
40750312
227560206
253274937
253403169
262450423
227716480
196048258
202490884
260918042
222704330
260222670
260918074
203176487
176070593
261988805
263390207
227672498
229698492
27889143
263359872
252398737
263054271
199737968
253179320
263644927
104881311
61970704
52588239
66250367

54688575
44104651
50486259
118081995
96287899

98267535
48858778
199216490
45551511
195505948
31083494
225932922
253274636
188835535
199941593
125577701
71203517
125753141
191364462
203290140
68459054
117405280
188694204
200724516
217267497
261798479
188059576
111851973
200719905
200720991
160092343
229997632
44922099
235851013
202064376
199058559
201035663
199109560
229701333
44922463
1341617
120461150
109575480
124764957
23304105
121243720
196092826
262469855
174442191
89664564
112064299
242194447
87052759
145981357
248554651
242077914
15264909
155112623
135284048
136038184
162778780
248554658
137593600
185862717
183244246
59526269
38153213
69836978
253268409
23303402
114357794
177145600
38240104
207814882
202495075
159382171
145701709
242078371
145838229
160211963
195125709
195523235
96292461
125273699
145495880
216406066
37968756
188492516
38240160
208886704
174448855
57910300

248378115
249484785
262979747
262681115
250517743
249149735
263596190
263294702
205718086
263668775
13894940
206669668
248675629
262659553
262687671
262891148
224809410
251551428
185713237
262655873
262337651
262657640
263297829
263294442
262336567
262677427
213705595
253043943
8490453
420849
76537785
221251870
8490463
58150675
8490473
213891725
58479378
76215732
46714876
221251651
20148843
76834015
221251860
111717001
86151373
221251633
221251692
221251645
191366514
76008941

221251712
221251640
221251695
221251707
221251829
221251878
221251671
221251706
221251667
221251819
221251797
253766310
221251740
221251835
221251697
221251688
221251677
221251805
221251637
221251884
221251664
253722192
221251666
221251787
168903243
251922272
32245923
119475232
37991139
49308326
94589852
56687343
6973335
12386844
164434552
48721321

3770279
25766895
41095254
219148923
207779217
57485843
20085926
252070510
252601371
116930965
57501067
13798271
54609374
58127610
59235907
20621391
171543704
108903341
126735199
186088862
171543725
108725452
184801368
205246069
242754731
217714005
250101406
263393774
219148955
263559343
263058736
263058691
260921414
260921422
146643933
260921428
252794674
242760299
250098909
260921417
171543698
249892308
219148928
34674149
260921421
249008193
252794688
148074197
247667626
58117558
263391203
253535323
260921418
260921427
247667749
248004477
242760381
34674143
263058986
262346358
249008188
242285492
249008192
249289031
252090484
254037337
58669968
174130850
109011595
205573768
217324230
129916726
81992967

100252598
2635187
25147943
56745764
107151651
1750835
102569715
183731773
183362286
85259381
253052077
131531040
199553494
16037120
477415

77041952

14053089
185591384
73178581
74991904
108402213
137228184
25147888

48098955
68850155

176553851
16239190
229701201
43662519
599066

48606990
174181913
183369830
44661325
15177061
32133208
723552
41191914
109015637
203317262
75791518
16375200
16374873
197696978
7677894
225935437
160186309
19641439
11337609

25099689
37120626
25421314
146642741
220681048
206783382
106780027
88933120

159602685
200746422
247315914
72303420
153993247
174107252
178951964
13691967
16313712
9857098
221276946
58127873
170849009
17465243
193530080
73768468
180214436
147815110
106990526
164433069
68683481
16107344
9979084
177748943
110125441
98761951
164435031
57659226

7758309
85258476
25921897

50600278
146106160
107539359
146271473
160622041
206987491
43186286
21198173
98878621
108464062
52881228
249712298
12117661
68302628
77117298
11189558
50364614
46286273
206596693
27593758
100248707
212440879
196137994
174107474
174067732
174106911
67953193
74980018
66663688
197615006
8178545
1042610
26022296
141489556
16374889
16374984
173418642
74954209
7518119
56875406
43398478
196305953
209377024
210751987
248752937
9979111
153879345
174050612
176117506
109492825
194040824
212555744
100248562
191093217
77625987
16837702
174107277
202241987
75704956
27582363
201808166
174105980
202877167
1194157
76307827
129916943
21185079
7727627

129916766
2803163
91628908
111285225
19491102
221276915
192134723
147815145
44923388

176553841
199934479
75187756
229726751
10419416
44989551
43698770
25419241
2370319

129917288
42697579
877476
100256228
1194099
204269454
31879020
160893969
877366
185656276
181981109
204064868
109491068
148747364
43124640
76266590

219149156
102572202
54480236
51329734
25461844
1218485
240276648
85294535
72540530

25147960

17462671
100248442
56836520
174107279
174072448
153995609
40717093
107102307
199553834
220683262
76148728
49346680
155340731
109492720
193128528
136983436
104944649
203321299
16374913
548801
1197461
2804785
109958535
73243250
21189613
19362253
73125726
74982079
203356758
153254366
73178194
173991807
146667428
149395477
17459796
150148830
192581705
100248602
51601488
1042564
253364114
16374895
16374945
55143195
9845429
63891159
205370706
7758256
57165603
72029068
25970023
16374957
11337615
96290115
877378
13619907
145836036
109958569
144567932
252559306
129917056
101087721
12205346
7722109
58719645
2386903
178228740
181775890
48508414
199935797
176553902
178475902
204318414
35500389
1042700
57154747
190320420
8176548
201701972
25145732
2558473
2088873
35329995
50489912
51312055
186276831
74898151
136220259
206135086
169296381
100067313
242092484
242616805
169827212
144339023
76065310
186756487
193709885
82374824
57277895
206232418
195526453
151596127
184619625
138219443
121240921
2626789
11847120
121040453
147992286
196069349
142542138
13115678
150078691
199543059
48653169
204438322
24737463

49270508
160534638144446639
204439032
51239936
184415460
1042730
145221311
183035555
74342758
54622948
4668453
10389554
60208910
13893290
119988668
73165294
142667300
7818267
242206210
84202423
142210692
32433744
195901209
127127258
76514210
61399362
43863649
48166701

71514586
217729266
216368683
195901026
100204955
53834855
159760660
95986456
74890643
90477583
252131288
147063752
14062450
44088845

12084484
54929964
155608692
197164636
49360034
13511836
32009901
249012384
177975798
43001246
98165313
185976892
3892135
95200271

22446690
25433064
59592829
38417364
74690414
198584797
72028690
1042578
71989001
36470137
221229280
183903484
57882652
136999446
173768561
130770858
101856051
13514446
249665588
46632023
78913424
179159306
135328833
44059194

75987724
71904532
206749079
20779696
205378333
98686650
8064882

510980
51968800
197746104
249271162
130774622
48357621
137903681
54645948
208412259
148797202
191056673
138196820
2769235
111016579
147568370
70547575
3070467
20446490
252357404
212554563
24879791
203995466
180962403
48837714
204433609
172951996
4056129
16536742
248259205
125379978
8098638
134780081
207831677
108060458
2044185
48886423

77157312
49723487
175967700
175966112
11378937
553583
25135494
197607111
253058894
105611156
144347359
222681133
89066162
59504751
10688466
253160806
124561332
181121935
3731171
72323135

74546796
55000080
90938107
249853724
14770106
45560623
207294959
76220517
205966817
252676641
120311391
129356390
13306574
114738661
22159344
208050556
63942969
250552336
249203325
164826745
252912281
50356781
87467473
36195114
3288285
178005138
174109824
169844806
35601050

57302772
108020852
48579650
206237507
43871555
197529787
43205876
204667423
148747354
253313431
262877528
263024816
263027878
249907674
263373389
251274486
253116054
254075932
169826033
262023147
262651820
263117597
263083497
263199813
263117368
254146172
72743552

252386924
262839039
262414352
214785318
262972555
262656852
253116056
258669563
262460263
252859944
249905428
257860406
262746370
253536768
248683375
257767872
253230795
263028291
193007074
262766239
263488136
253103344
251446972
263099250
248177134
262787072
252612381
253107066
249936588
196675399
155135691
144467703
180227547
134301586
207853659
262700748
206237504
30155444
51852960
16537030
124272596
200710183
111005923
177933082
197165036
5975323
160992008
164805704
108488218
113352140
24092936
74560351
193229631
11189543
58589646
106883136
110739189
199110525
214785377
58522509
149785074
213527292
444568
187310470
162844467
250102410
90368322
119511072
178465514
164760407
9668944
1815151
189193853
32311121
114594357
72957915
192933253
170702968
169844959
14913704
157349269
147729620
253274560
174109647
169844694
35358539
20719991
188847091
54450146
5136739
174111893
174111917
174111849
174514411
27630954
180227552
172566206
58805179
199650325
125729548
60215252
187829726
72537156
118900231
147057952
91502405
147058014
51025965
190463971
214912728
188298706
76267463
194147959
28634084
172998071
66726292
2864971
51450257
201090673
154174120
5323797
16861786
41356933
225916844
508733
562236
3490131
108491176
510963

1311751
510958
175813141
58232727
16176646
71211054
205511572
198102813
242482585
188299163
108327587
12478889
54563106
189697344
203126081
250107216
132819448
249853369
248619933
176296109
53065941
169302552
37878558
193638771
4401687
170687752
52113189
169842268
196287652
165031031
102469738
106305929
120311879
6192921
139718309
102098950
35569374
185225777
204449460
245787208
262766166
200962871
212581513
247333296
263030268
263113821
208135230
262453124
200784002
263071421
225942684
247666460
263643698
12084548
56027345
179591043
183035571
411668
12417993
263644089
138544500
94416249
38669476
44860370
7222401
91563129
13377035
45464579
1815223
10770097
56108729
175822021
206233288
14082675
204207684
10579940
186369620
152010486
48529127
72648256
190167738
53769191

199244201
126478834
160375053
172157390
10768959
148811008
253419474
194104638
43862605

37889328

72477198
132899360
217729296
6194257
193702608
107399078
73770949
66726303

73301194
191142466
146556390
171795432
129374506
15250843
108141185
188576380
125270158
164160576
100420048
178466385
185523593
43154268
81511219
189588044
12478857
176048301
49002394
68421384
230057771
51853670
96129535
164041877
224765276
178465757
97540230
110006586
30008150
8324631
242031695
115941736
74193829
167957581
172995153
179879096
96304571
163937974
119245106
179879406
247060996
100869120
43129936
14070173
14147683
43129273
25730586
35930873
12478897
188335348
168514312
213973950
84761462
183912527
170988953
193641650
169828388
158212988
79747544
89882022
130341306
197164243
9979068
197529818
76778836
3871241
54929928
207374290
115496143
189634783
156216180
100419812
32863214
202330985
36610252
206522711
82859031
162904323
187782909
17613254
77740690
84889599
120311470
35363516
12283993
262245757
253348166
252913487
253073942
253074019
249176026
149500181
260130535
215195520
247681037
43184394
63922263
4310377

72912939

203463219
168519248
211948462
165679262
174506070
202476381
221233117
74933100
204872222
49234521
11882946
5420399
4977231
107675245
261816980
183041666
195343009
195465060
195464942
230125939
173009898
253568024
253073231
102111325
159912820
135728661
75338620
225209304
51055855

139557881
253073045
253073566
217506442
176544034
204010959
252759383
225112661
259539889
73199377
253177620
144469791
179556235
6293239
183683952
72890370
67011508
195464802
253163566
253664114
249767376
247999452
217386795
181918305
262598467
252721233
198725573
205480412
173798938
86013820
20762016
19246494

47044997
88909483
145101865
150532023
262256937
181219982
160925935
150536329
144519307
262251608
203285304
50596368
225210590
42876323
7642599
29609197

190626875
259636317
248356425
212214019
199619335
198448059
205978066
7642598
78912985

247293204
24251334

132301212
56088213
1196179
204873511
195465118
149659164
247448429
179745459
259487271
214948884
258403694
252439723
254037816
51087967
97822766

68268383

217478917
154522985
48504404
195946985
72456197
167581229
197976727
225112572
170843106
184760662
89950937
239827647
155183259
169848589
214690868
19663774
198587006
183896677
42687912
222495685
12081510
89893246
206781329
130199975
17871875
196794082
72322506
49646578
216282726
196793934
997097
263276597
192586939
84594229
262213942
205003365
194063488
176459475
252091215
176143248
244169236
93935028
42261686
253348319
1419811
197746842
42688709
25433066
213515231
172495266
31571559
12478861
706470
198092708
653259
134780083
203965397
253164194
122224812
176465699
252036868
142331848
172157547
179419673
192941463
252623144
262600744
192941685
196793988
192941664
203936662
262140057
135773402
136024841
76217070
6611083
192210018
20162525
46644584
55668474
6154417

192210027
56205285
253296293
247297376
248411956
139218491
217085116
176459492
262719089
247921335
262795983
843794
67606583
2039345
253107839
58441482
214785371
13423834
174319946
76406792
229714602
170248387
263646799
227009776
205514971
134321013
33158192
4115571
185079677
142435837
216281630
99220400
174182550
111553978
171101627
248162623
165818581
170335954
253075230
253356678
118687666
165652447
171550994
171185145
174109859
172920726
48318010
44715537
57844101
241805348
101270723
154476177
14696480

225112665
252624563
253100885
252626801
252037291
112780974
196081779
214613467
213515112
39365918

15203045
3567961
7208395
188147245
10730954
6398571
183494510
86040660
215162021
196793598
263297625
262707426
208398841
217386697
162844507
248411853
28964021
168283329
19869946014990597

48260237
263496513
86401711
196793732
262148204
262283863
72673790
263297635
214785297
99071778
56810491
240777908
83787040
3490313
263648789
214785299
87472551
5472649
253123278
58114956
195464821
72745023
12432255
36779638
99146821
159828748
242719353
144480955
194563629
242719420
242719474
242719598
54687551
259488305
139143731
457041
192376663
24786813
182744681
193246993
193132852
75655408
191925664
244111330
170836333
195465155
262603098
253242662
50702122
125729544
145178153
31695578
72322789

12031381
86516625
121040552
144873494
141640347
174517197
161894832
174338618
244316628
201177890
252721693
255302441
56211164
137026648
164823232
45242702
71934376
144546679
145142921
144873062
217709236
176907569
196478688
262148622
11225925
30025841
1825921
160393604
195797463
98983503
96311116
204117213
2118373
195151227
6187137
262456226
248764030
206204719
172268845
242719517
176907875
217171460
172029560
54901375
25705648
184419115
170108341
176908858
6475747
242634288
92476180
53401772
48890786
20534858
214610373
176908021
242616643
195150575
214941745
176908308
172249610
242719395
71958244
183898003
87730486
78946457
49549551
253133406
50702116
70600233
38105083
208189716
176907488
261810922
109560051
195464857
252915920
242719255
27658272
199268671
225210603
169514400
54930042
51703125
139150704
206364498
199629141
172022356
10687655
120800719
79906254
57886963
186243387
242719256
217729282
199629695
8579979
172366887
217562263
250496996
205989564
217729288
169966705
252732738
150529666
16075480
68564248

263318921
145145226
262877204
217169856
32307735
104850149
263557365
262456217
3808289
68489507
7642577
178466831
180365208
192210054
8122064
153064749
173997846
86257609
77682330
81286667
112857368
171971501
75987683
104616798
51988260
180589986
208441904
196049826
201978388
115927035
100067384
5197553
208569194
84936307
207296385
173253765
105522340
198794319
6997921
216250588
216249808
196018473
208613163
408808
1
59411213
14348024
195971089
255316963
222690497
58491476
49663373
216408332
38362895
178954208
66605208
193735799
194505128
80706278
167969303
150567223
77280633
50891681
71550694
72456569
204449431
212264616
204123236
262287775
207192149
249203251
70536729
197147814
253411826
180854861
149780761
140783990
140776640
176219590
192452554
176645334
140778910
140787164
2468570966207309
188689942
71989307

23814121
127014236
140783107
114771817
193702216
43113706
176217213
74467074
40940474
262521798
13741000
177610269
127379476
197855119
84762001
28640281
84891518
43117536
8157389
3140963
178512251
152347777
78983246
208376570
2879251
116518673
106315643
31587030
191142028
247325972
32130990
110184112
186649927
179520778
184521801
132005987
195947663
165850040
173997903
134263682
6196117
182969844
49256201
110183902
98573535
110183451
110183912
113927534
76109447
123841677
210942324
79855165
120311463
1534439
115768692
7612313
44887638
844246
37906195
1042646
58806212
189633035
262973453
537131
170131857
53129202
44094648
110007052
176009283
34492050
139830486
54852390
170728596
77983162
197866986
52587112
145456216
176443076
230009574
243244950
208747376
179796984
115904661
53091390
1042728
56406241
211945787
211946146
653122
4092599
263032579
552085
211945882
123840912
91489105
193647601
188147158
98146144
41500775
104528521
57780257
75320684
104521374
94456521
220678497
186907506
104521244
186909407
104529812
104527830
204338031
111985153
63499455
103551032
50422430
160743773
199631469
7395717
150200664
249257293
216235670
216253901
175415164
77968672
214103318
198320847
207774074
222716077
140789532
140789986
198671779
140777316
243093918
14982103
251768519
196855705
15942790
26299392
195639572
140785076
140785221
140780329
140784280
111993410
94456167
184484566
98141631
247913748
206629105
74496653

74495474
241983336
205412371
94456517
204631094
248683953
104521270
185227427
104532469
104520441
104524965
98137206
98147946
104532165
104526452
94455396
133570522
253308568
260842310
104526247
253307625
79365736
249000294
104521150
196336699
262068486
242502865
98139786
94468358
140783209
205710761
261952590
253348720
104527993
262516399
262023851
250111501
200851687
98147617
209305513
248612295
263567076
247862710
103635588
248679642
248444924
253308860
251550541
204435640
262906158
221223052
248667637
255759537
216235699
262226301
222703881
261945714
225956945
262238659
169844716
262275183
253313829
263276302
262219040
262139240
248682040
263198031
228988486
247717524
262797360
219381757
216250816
262099634
262248902
263489414
262259447
247316579
263576153
261025046
230203399
263492418
262300987
262144875
216238455
262031242
247792052
222676738
72094935
149780744
140467959
110581388
81135607
48364563
44591203
204325658
205162943
184449856
777792
214589967
133600184
250111049
50723455
56317291
48957141
112984953
172315093
172318742
179881031
183355062
182992666
37420175
207583435
63582867
197185863
197841191
11187636
110448155
528946
63917337
37419778
11450151
199101133
47137427
14377827
135391571
157046419
181968250
175213321
200976274
257846848
149935949
177428044
193447847
7269797
28717447
31265140
198517353
170567763
217318284
11450479
178482402
23536595
8317440
24320016
154988583
182987469
4355909
53120660
67719881
185434859
31713555
178952253
173360823
183334983
178952339
96989025
14850767
161399006
200993095
203784461
179764464
179774619
168768675
93215145
197727716
149910680
248000097
216936673
98298394
188846772
193321769
127908204
134367887
129916916
171325157
202761075
180946034
174426170
76385121
217506701
31265158
253313324
129916823
51855284
66109293
253308260
253127311
203432887
90573257
130312994
85972230
72046745
194959989
120700290
48264628
189420388
14957562
261949436
242829090
252024681
262053987
257859879
207997005
249677219
252559264
252400707
145139972
239394725
66671774
145682081
76164156
140474055
160577133
91865563
262746399
262068191
174113877
1679019
188846661
249683314
194102610
253237591
252024693
127113936
110450529
96313531
260938878
2021327
248207005
172318059
179879551
172316285
150819294
150819307
86784611
242031230
197856197
67195700
199118204
144489793
185905180
225954869
77969095
74220107
194041461
36783979
42874818
8078901
173124834
78490306
180365745
55367233
147212622
175165409
103525771
84722986
183117937
69273512
136984756
34556871
190842737
252394820
48938046
208789617
210278471
116040096
118900216
130174835
193395486
113891603
172437749
21874160
57718395
57935703
55624899
7736541
48261841
49882224
17876457
200993736
2021909
180601438
68592173
183510206
72340578

199218589
191956054
263304767
247942540
2001487
253396406
76055995
186364207
2021215
47041374
21977013
41355240

120049644
154988123
173997969
251437832
150316662
50339808
14990980
103899267
2021881
72040047
251265375
54385291
6136987
140475922
174511699
174522530
107015906
178247841
207900159
13762634
67810085
208422137
2792357
247955735
35368130
174400609
3316251
217275090
107063736
113205208
183314005
169114978
202761178
216217683
147834892
48563524
51988193
108020457
21010834
13714483
58979268
174506741
36986638
106990531
207841036
168092859
196783280
170744803
153522071
149533553
196781865
120386379
221226391
169548794
113186540
184283290
55851741
131504771
149532229
185857121
217471604
136011234
47137984
143643517
8317467
217506864
149909830
43896169
47138040
247249283
116294753
215024574
2076683
936628
128275758
169804560
251265400
182316697
108684211
228987720
77137758
51144286
130889377
91956616
182990281
47138132
185717458
192643103
171626289
244306934
205001919
164965404
242704113
179409215
172960747
173124963
92956032
172950147
136011511
47137676
179951430
55377889
120049228
173234202
181500816
55023029
198648756
180381941
199650439
182116101
34350943
259563675
171463934
225940943
116287805
153009844
249188320
249187699
76526051
139211720
199926630
217505898
179882095
217505976
203973597
185951220
204416476
9984726
35507821
262636360
181783481
165025384
249189171
197518098
186692328
217506183
205522289
222590149
179884812
236508234
244300061
78971149
217506479
244112737
45945652
179771790
180598766
93271856
115897296
148760485
251265341
251265476
180378159
262696707
208418999
191005597
247333304
174070567
193155173
262817935
170567762
2626791
205217902
253407702
263304787
262746714
262857078
87910834
252006712
201046978
262851792
249185624
35236268
248087888
244114628
74731528
262235489
259564060
35252698
199243274
53313877
21981561
213714556
262808133
185194556
179979444
262252204
219369225
252399460
262822136
243027531
197119478
262848860
247247956
195441215
13301702
244116551
228123446
217506401
68722232
248172365
170451182
48190890
176764368
205863255
217505885
217760656
222684840
217505899
161030261
189573553
202761046
179104990
202760503
200797942
197119705
172315666
83169656
13425082
174067028
242703903
146234019
55386817
217274448
203730972
47137942
222459543
217505967
217759483
21932547
198031144
53869052
182989644
217641301
147346751
156214808
191041263
251536998
176687107
207963133
139983893
185881834
173997710
8321682

8321798
200718797
47137286
190693294
208406232
20331376
57342888
52275348
166765183
247796444
171340801
78024857
262600544
199243583
72795240
102471048
251267048
186084267
262817915
97064681
196856040
242482464
208122223
217764000
204444927
217506026
247863452
262808578
217506187
204611482
180364736
175166129
261963716
251590995
262636390
171438873
50958056
199534955
11225923
204887324
129918942
150823487
201763793
40640466
262825229
262850847
194026570
262808178
228132377
249188240
262852168
144702065
3288331
72933261
105042303
201791662
198725085
198342336
161889206
35304506
262286173
144946315
161562419
262251324
144701144
205042205
262821900
249009910
130817592
198592832
76353020
23806030
72688223
193007076
32946356
216450993
43189048
184318151
202328866
143363213
136141875
136153955
128594502
116820601
129259930
129942602
135573210
173218792
206536630
250112986
15337011
66105233
174071810
124639780
184488120
205412472
60201073
70977826
49741253
144145519
181978774
38207851
68985578

156214311
68508064
57343508
210278015
95924032
251536661
122148621
173100895
76183835

252398454
121604839
82518652
185357269
180244008
185882308
133235415
92492761
180221829
98184445
76366645
202244567
185878324
173997817
179520595
180587378
206294439
206294473
154103187
40983850
119245002
208118496
119287981
179531088
71520440
171681830
175166157
248089546
47271184
2616303
207796392
162053191
50252560
255763166
174515446
173609087
52309135
252398383
112857049
177320594
127114141
7395623
136409209
138463464
6041789
251536679
82074149
147248514
75987774
171535424
123214595
195103864
114363591
20074332
3645157
222476244
202900985
21073561
170354022
148000668
189574306
200795801
191044242
50609688

128805162
115610307
203763682
208183563
174292486
249353375
85351201
217765197
196772370
191403163
253103570
145140040
252398414
202450538
251536952
208473410
125729577
125729558
248704389
132814650
108179812
216450660
205498999
149780672
171059511
165262479
171535250
261827121
171536105
191402068
140780732
204326553
222588757
204319876
7999908
124272199
7408453
178294132
213842106
14327958
183553849
205051631
38560991
248246958
178958214
128302309
148676735
214150553
252854929
64720536
43083934
108543114
85099032
6773411
203703583
59082676
225956294
76797026
51988223
54392417
21414446
66722134
171761636
203803762
144145539
188428965
108593784
185752505
181940463
179409086
48512647
37912859
51574270
74856095
177568465
138040623
8339104
108327563
187482144
54656202
191429728
173997868
210279112
154103258
158586943
171185992
158586917
147240769
137947938
119288451
119244688
198111541
137947954
217318290
25598451
206908414
131504829
189062161
3928931

181501325
145836029
177280810
156215705
192683601
156215898
156217270
156214233
177280836
186907946
120577302
181500386
176645350
12208891
183315142
249384040
98153314
174618452
247790912
109429144
203868032
200798618
249388560
249431764
243041910
242485754
215260573
72116061
125803775
189233735
196349891
247306821
196283828
51988219
52106725
159806768
187296532
179562845
51988183
183481612
107561645
2597759
167753449
254147694
5205757
227326291
204428743
187827467
254117623
69936383

183507081
242984462
250103564
208621338
410926
174072028
214838442
193583958
17016354
247678744
84875907
251536923
16116057
17881512
21024553
73357747
142839527
222697055
108240472
173011553
22390936
180720888
195324289
188489101
74026612
199105080
180854855
242796847
118900259
196854316
174531625
173998052
173997924
84774887
205562771
181752398
242636969
188128223
207333509
195324120
144324089
145395480
195324016
177687861
114210559
207807544
253364072
44714573
208118465
77545055
147970113
35457310
128270940
143174074
80021445
71023599
171874310
113350286
192292978
169546117
146553335
252399480
191017303
207209254
200789846
75987772
95154544
74946166
82074183

195324001
215201316
149775788
90329017
169354413
210402405
77445689
192292902
203145373
77444854
108025431
192292889
179401430
230013827
177898203
188146962
248875027
33227252
109814086
197216069
207333591
194456418
6215373
178092961
124272005
220665238
19573297
214503319
21719268454929936
53236396
190681739
51988168

214838639
52051135
174092601
172239369
242493901
4846361
119967838
72892524
113688298
131504634
183541084
177340315
63958592
573797
77294906
208134565
49131920
249028650
53896464
208134610
215184896
73602171
107443283
114738566
157495323
199998766
206481332
214840416
178575557
207356656
77545512
140861949
204615396
51843652
155701239
115344444
77444762
80379188
20006385

95154666
107427274
79959013
180720932
149179387
95154541
117409958
149175428
262078701
127936171
138342771
128822709
129863772
54899790
262086085
157500555
97942345
213553565
173135153
183550967
155700657
54475237
8950792

169844160
103637250
32278352
72812325
173168719
169546518
132053890
173422183
85921219

147399797
183520158
195845475
191143584
5156365
10285530
10685386
252232852
66791754
179104983
75830798
212936022
121755516
189944064
137125400
109360420
251263241
169772440
10207324
189190795
138328341
136940022
73891150
52587307
127728730
115573127
197589713
204211963
92387147
197635257
169966622
35594726
149507874
96441717
66906364
108697252
62722457
160906304
199685404
194847923
173865393
207174880
137136120
187202050
174605661
190194977
173164197
9670067
177631699
181911786
149449217
145309488
95005895
253619524
129863082
79881723
217851236
188321409
209414734
141293082
192518292
51853307
169842049
148811864
57783660
124272316
72222211
58210857
12725353
83431627
67451622
252798143
156044237
146945664
12218126
155169078
146944150
177555749
19674130
26073333
49932857
2749287
183544836
199738851
32321302
155223536
49726285
229704044
13779102
251551437
217488344
172192307
153264790
116862565
213960207
77126642
120036071
53897740
92096283
92387099
203868083
10767121
198922329
76658496
174110077
142093220
14165835
215386274
197654021
85564887
198915327
139699944
54623469
7820658
127961817
144339114
115206616
14487531
50616040
130210163
108253961
111081433
252563909
186628362
136465304
222689480
184071636
184071767
130073582
13526219
136870552
186112265
181920513
132899440
100000389
201132385
48583105
72330277
261817414
253361994
77117845
191367811
253071584
253347848
249581911
253124848
169341128
140332164
176250128
168518339
250683212
252628673
8949494
230204867
222660274
19706254
249856246
181219039
263466463
209920027
242983883
170336206
195992355
262244887
90518865
262267986
194212192
216251674
158807763
185242792
187183711
262136670
96602190

188077600
262247239
188087505
260110511
207418889
249011927
248565244
195992348
262157714
262142201
262284988
55329507
261978850
253306926
206663143
19706258
203868076
249021293
43992549
96602196
191429688
93965851
208106591
195992415
191429723
262107785
262136574
173370634
209656319
11339375
51517340
262101339
142667196
32139724
192540694
262277401
54121839
213681412
19706247
161393841
262251880
59404441
47083783
93391215
262104389
260113586
200787974
249024594
262230376
90469335
262273857
203957321
128251322
154404715
52083663
193007084
262145893
249023812
207806578
260110603
188139962
249718839
169380182
63184336

253663418
136366783
262091857
203875436
195992582
572658

168375409
29792224
263277141
198932616
74491450
188146823
216235407
94581297
210510128
167959573
55773206
173236486
145140817
216527552
150531604
177602551
181218664
145139215
253766979
109999881
63189753
225209117
174072051
262026835
174071807
262746524
222659818
161566472
226023659
249082672
229699752
252653634
144547432
108777387
144547902
199198450
222659944
247658305
253410568
247658353
128800171
203052373
250103514
408480
253410697
177809158
253411215
262026746
91651357
177564215
197529947
54709043
54016836
1908935

2749331
199198444
262026737
262026991
190198929
243041241
222663537
253573814
170165294
263630582
26078310
50300343
4079137

253410562
19706231
247658320
73406299

262073802
185715434
215206459
247830033
208106589
188099634
43987205
205617783
16256966
204668345
249032903
19695450
171999431
20556485
58394513

215104974
165656587
114568245
206713838
176098202
261978831
50275968
217578036
13533860
217646392
253076214
91720836
249947466
37707217
253689818
173126046
108993865
10127677
185551230
8951814
203803585
259537969
51517275

174109805
204821176
244132583
178320964
215193223
157481946
169842795
249947441
260940814
72479013

158459797
148635114
52083669
139701900
200960728
73864063
37614409
179520684
52698745
208396025
52583159
261866416
262076298
196072704
186877591
135325737
173727138
144701124
176747548
242716493
137142408
174055097
179520588
7839826
68299026
13527042
179520774
262253085
174112977
144517393
176747546
263562173
120311668
176548935
247658249
253410861
250103520
72517715
180317806
142478076
253410550
185942105
188903126
75554935
201939347
188050401
162481803
137123589
44017756
242105380
250549182
262731915
37737244
263101176
5136595
41215020
252073774
14453222
263593869
35202441
201012741
134283802
74165753
171254190
53642469
14770204
113759342
24156913
197923229
167219345
247379364
253295674
252640030
242225636
243093071
191765357
57984522
197530799
247316577
194063458
241777370
176282995
262694531
225908955
9984733

127649145
400167
260801021
195330012
252073628
214840173
252732663
252716783
206087059
145550105
87455166
51283879
89072537
152096419
139483156
252073831
19379672
176664116
147725039
25705495
188902705
21243734
108942987
151847607
195788689
169623859
141291651
56197262
201601657
195915388
178950159
19412734

50716133

217089704
222688618
217513489
1792499

75954484
252169766
201767349
3121903
195127479
190538035
174829966
146600851
175143356
136940162
198643460
74830692
35593674

188903405
16259736
247662358
38567732
149449271
198021703
74536255
3840453
21327849
174510149
87959395
172239245
185992462
191893926
119466905
150270215
149449199
157203204
260799847
58855259
194103705
75338890
173265564
174517716
192886523
147725047
147725122
127493779
106974990
1705427

203396529
186480150
74845775
71092019
198584516
31695986
197552839
235856171
128876283
103681750
252073819
202413938
169457265
186480043
262728643
252073838
186480019
193492860
108419803
193056817
62741588
184071793
177602975
185261131
102862437
141472914
170650172
51521512
204932236
684862
243046200
150651872
80976150
183037974
12327109
3840457
382654
217184656
124272635
54457001
166153201
197887526
13429231
69862160
113253959
78905854
108020341
214840384
117828775
119667330
77446004
157345845
131504612
189081697
76795851
73520430
69238812
78986054
107394388
77445984
200268190
208499905
178519596
58171942

178061810
203204759
147919964
140537956
244316347
243093907
117222691
138821865
212558995
45371117
76528709
204207700
249646392
144769520
249028615
214498054
66906058
71119355
84298445
193747825
66127392
196028869
149785232
204207689
242197540
53988386
207460906
198415643
12084558
262817389
191894701
194025709
135091615
186861388
145519672
46783718
1750481
152096616
91776000
56702325
45476738
152096404
255344587
392959
43009650
45875814
51320534
48537684
192677530
75827379
196983714
185992172
26265866
81693760
48317440
197550718
56764598
204802988
196226422
173409603
210114505
253407990
214628232
177145627
69883670
16380143
214095044
197164990
113458188
120538283
202783700
177554041
241608656
152358376
154924210
146947123
141490700
86562005
54026040
54018638
43694942
116114946
177553524
177610689
241972119
109493103
173235098
155015580515986264
54446533
79206291
74946540
3220171
116857073
49049454
43694619
105344605
119421110
76383856
95394365
189676612
72611513

43694869
9984826

247891671
102119050
199224430
122901519
10863620
147724807
147725004
191309644
3103429
60183421
183243463
126022573
159809723
204986836
31692325
45685671
192986130
79831890
146965759
222697061
222697225
263295359
174600225
260801836
26022486
214838403
18009908
110580181
40351031
201844982
109245916
110360575
13797443
186480134
98924674
194401060
251264468
186276712
251264338
253410163
193535187
16100326
206988838
263083694
199968205
120357631
76900892
222403926
72187066

3103485
197663775
6139579
222386604
115117659
74177875
202485504
144471624
222480752
221258748
221518847
191814269
222527222
248362593
31692344
125341076
205576907
205046609
191429716
190702768
3910487

73796774
222490929
221261468
205955776
214840045
214745571
221563340
166331800
195177600
177350737
221518973
222506312
222413349
15980207
247333298
31705551
221519622
203913255
73808866
73406283
15779060
222408293
253296123
221624668
207038247
221337679
203585900
222518363
221519093
137925058
128292718
195177254
169128456
128312419
222493586
12478887
189463011
124390766
199751683
92387374
155090995
221549669
252882906
260803672
249152980
4986175
49559490
177141822
221626182
209414233
260294514
259540803
173997835
139723943
262304717
188848709
214941496
221263257
203317459
252792135
206107944
260818572
75987676
56108183
206988066
251264292
189659190
35933597
108938661
194110239
958618
176056777
188043659
54633354
486648
4
221517275
200854065
122901510
221518969
214839430
262895895
221527237
222696716
36747577
31494530
221519628
26299383
155368912
165221911
249658182
2401667
186636189
207914761
185057861
21760234
47887162
13377025
109267625
87549990
78615564
86992960
135626575
10683378
118841757
5893969
159444687
997085
159444783
68591358
188022648
87554029
87553797
95036883
102862846
54442572
20202283
151847624
5535415
19928525
51419444
13377033
131004907
183035593
189943041
159444891
247344083
102862297
204318558
132819645
102862847
36362285
11226304
54672674
89057670
20446571
198523691
1724079
67620092
247334957
128489943
54393657

87548737
4952125
130856694
262054132
54383631
87558569
54645799
152548175
142667303
165025439
204444135
81647052
20771430
16182952

8708026
87550769

13077025
108696888
2042813
17897961
124239160
19445501
106656150
188902731
102862496
57857576
167959993
169772337
57789914
152548067
128489942
137153988
48446424
195913096208415472
52779572
96735216
151847565
35291536

152094959
51285962
170501472
21761312
151847511
21604549
54393665
214762263
115440783
130421732
229805285
36448601
21463584
13736135
149423156
75580640
140538064
146553289
87552964
174111792
54583105
97557284
206452623
251772801
197148476
186676255
130425476
168371458
52870999
7635118
186646648
58796770
101586111
58984647
154614721
98975352
151847592
137572946
98571750
26314202
171063146
172671005
172673705
16437475
214762439
3326933

87559321

51441976
198079078
1058926
144287264
205081380
168322370
166410736
125729572
258861506
188040872
195444353
1514815

186607926
194063500
6418877
206468976
35189808
694886
247963600
113330175
189944065
16558196
15835195
205960494
205539610
128822617
54620148
215389589
7947445
118844473
63544161
59360120
132819394
59527744
207039406
146652316
205539575
16386348
87550859
35147976
15627900
118848162
34360201
54672655
144754458
52092747
215592256
53837553
214762310
52659820
35226646
189945078
35177899
35139202
166411014
48532651
195815326
167219357
150148914
138930305
178228752
258857856
168358312
168354565
40942120
195792299
192970888
262993276
262993288
263276981
253296554
187860935
221936843
75570904

262896565
247345016
26299379

14769764
150148884
176645356
159912189
147057937
186607765
208322748
247344528
208320334
208322712
208255211
208255228
253592693
176645346
242200601
193737943
179711807
252819483
116452629
208320591
20838846

10126934
262897209
128633716
57790010
77662944
83772869
197623861
247015373
178320938
11674768
24548488

87551763
57980811
205611412
42425437
201035364
25188559
174113053
241892103
87551923

43196538
41485343
167655592
87551805

81644383
206053314
177602856
74846794

168371870
159865866
73114060
168350725
92486926
34391219
214838415
113758359
114434208
179438337
7642563
217169450
86038424
81454164
169114457
167219365
25190207

165674988
186607834
208255345
8098636

208323726
183555248
136855367
208323145
186607604
208323448
221748367
110999853
171451299
186607625
169749430
204065648
114738654
3490415
198227700
189099534
210752209
3490267
67089667
103457736
83939118
52915612
169966691
83938868
188948054
54121824
1514787
83939372
2805811
106365363
96319126
82910871
42602368
204645833
83940877
115281628
83939451
39288565
16683817
82911114
83940512
205727225
52050804
188947798
82910219
194959064
90073353
62648809
206987594
45636147
120068144
94227148
121106476
49496192
74422619
195444402
172206419
36302186
68709237
251254168
149179895
1019312
252600128
128293753
81452329
73546995
108593994
159438160
32139852
206249652
51988144
32141513
159397277
44607621
187618871
181789172
83941173
83939002

83941737
145395313
83939950
83940106
82911150
82911039
82909522
241983399
61257845
222633073
75738312

120311692
16075879
74856012
96753190
206651826
11506821
249174078
188713981
149312271
239311715
82939270
254146331
191328867
128261320
114738560
124272400
17905013
35303462
14064535
42274566
29453639
194456982
174469089
212558148
171176988
201652691
169682184
174398354
146393650
208427543
14162835
1794699
216954828
131007534
11871573

39190604
15213464
181972393
116972358
82909759
199964040
94227177
216935560
120068071
93871319
120068227
186276672
128288199
139307713
165031507
253366575
195480393
13385014
54016385
179520641
143113033
83939279
82910744

33385540
82910331
82908458
82911330
83938927
24408456
25378385

180955071
152095979
73680317
197164988
11868807
121473761
39193260
82908901
196603360
82908525
82910298
159815163
82910753
82909332
5472981
10367638
72606647
175830665
167528651
198735602
188147244
199121573
216935525
109537595
199103186
157402656
13385004
199103240
13385012
196223132
193720539
37738161
249686434
173239918
178228746
146965754
109202568
98074405
199103232
97644596
89942915
71736548
261966398
90519468

44019033
73261918
173997806
36828504
16719607
94704194
179520682
6490931
28250455
199705986
207333503
207356563
207356645
37266652

243165544
26710868
2042895
169919279
179406892
195661560
109034608
151676717
1514785
176443048
179953041
249174061
172374525
196832297
198240055
200767400
132837427
114688596
192412074
145672502
197670393
52274202
53990788

173998041
51136554
173997779
110999703
118553670
174468742
167827557
204320026
222723412
243300822
83940473
83941482
5118575
125729541
92456134
44623224
11347744
78012833
214785289
52330071
83939607

82911847
82908746
177565901
83941902
82910385
145395323
82910852
